[2016-11-08 18:45:08] http://localhost:63342/php-mvc/www.php?_ijt=36ekqvchsk99pii1ic5cu41i2g&router=user	
[2016-11-08 18:45:08] Response render 404 (20ms)	
[2016-11-08 18:47:29] http://localhost:63342/php-mvc/www.php?_ijt=36ekqvchsk99pii1ic5cu41i2g&router=user	
[2016-11-08 18:47:29] Response render 404 (20ms)	
[2016-11-08 18:50:31] http://localhost:63342/php-mvc/www.php?_ijt=36ekqvchsk99pii1ic5cu41i2g&router=user	
[2016-11-08 18:50:31] Response render 404 (19ms)	
[2016-11-08 18:50:37] http://localhost:63342/php-mvc/www.php?_ijt=36ekqvchsk99pii1ic5cu41i2g&router=http	
[2016-11-08 18:50:37] Response render 404 (6ms)	
[2016-11-08 18:51:12] http://localhost:63342/php-mvc/www.php?_ijt=36ekqvchsk99pii1ic5cu41i2g&router=send	
[2016-11-08 18:51:12] Response render 404 (17ms)	
[2016-11-08 18:51:15] http://localhost:63342/php-mvc/www.php?_ijt=36ekqvchsk99pii1ic5cu41i2g&router=send	
[2016-11-08 18:51:15] Response render 404 (6ms)	
[2016-11-08 18:51:51] http://localhost:63342/php-mvc/www.php?_ijt=36ekqvchsk99pii1ic5cu41i2g&router=send	
[2016-11-08 18:51:51] Response render 404 (17ms)	
[2016-11-08 18:52:37] http://localhost:63342/php-mvc/www.php?_ijt=36ekqvchsk99pii1ic5cu41i2g&router=send	
[2016-11-08 18:52:37] Response send (18ms)	
[2016-11-08 18:52:47] http://localhost:63342/php-mvc/www.php?_ijt=36ekqvchsk99pii1ic5cu41i2g&router=send	
[2016-11-08 18:52:47] Response send (5ms)	
[2016-11-09 15:18:31] http://localhost:63342/php-mvc/www.php?_ijt=8fr42tsl6gl2q6uqg5roacic27	
[2016-11-09 15:18:31] Error Invalid argument supplied for foreach()	
[2016-11-09 15:18:31] Response render 500 (19ms)	
[2016-11-09 15:18:31] Error Invalid argument supplied for foreach()	
[2016-11-09 15:18:31] Exception Serialization of 'Closure' is not allowed	
[2016-11-09 15:18:31] Response render 500 (21ms)	
[2016-11-09 15:49:20] http://localhost:63342/php-mvc/www.php?_ijt=8fr42tsl6gl2q6uqg5roacic27	
[2016-11-09 15:49:20] Error Invalid argument supplied for foreach()	
[2016-11-09 15:49:20] Response render 500 (14ms)	
[2016-11-09 18:06:27] http://localhost:63342/php-mvc/www.php?_ijt=6td63dhlj0se2cm5s2nvfof2ej	
[2016-11-09 18:06:27] Response json (0ms)	
[2016-11-09 18:06:45] http://localhost:63342/php-mvc/www.php?_ijt=6td63dhlj0se2cm5s2nvfof2ej	
[2016-11-09 18:06:45] Response json (0ms)	
[2016-11-09 18:08:49] http://localhost:63342/php-mvc/www.php?_ijt=6td63dhlj0se2cm5s2nvfof2ej	
[2016-11-09 18:08:49] Response json (14ms)	
[2016-11-09 18:10:01] http://localhost:63342/php-mvc/www.php?_ijt=6td63dhlj0se2cm5s2nvfof2ej	
[2016-11-09 18:10:01] Response json (18ms)	
[2016-11-09 18:10:31] http://localhost:63342/php-mvc/www.php?_ijt=6td63dhlj0se2cm5s2nvfof2ej	
[2016-11-09 18:10:31] Response json (12ms)	
[2016-11-09 18:12:16] http://localhost:63342/php-mvc/www.php?_ijt=6td63dhlj0se2cm5s2nvfof2ej	
[2016-11-09 18:12:16] Response json (20ms)	
[2016-11-09 18:12:56] http://localhost:63342/php-mvc/www.php?_ijt=6td63dhlj0se2cm5s2nvfof2ej	
[2016-11-09 18:12:56] Response json (17ms)	
[2016-11-09 18:13:13] http://localhost:63342/php-mvc/www.php?_ijt=6td63dhlj0se2cm5s2nvfof2ej	
[2016-11-09 18:13:13] Response json (12ms)	
[2016-11-09 18:13:15] http://localhost:63342/php-mvc/www.php?_ijt=6td63dhlj0se2cm5s2nvfof2ej	
[2016-11-09 18:13:15] Response json (5ms)	
[2016-11-09 18:17:45] http://localhost:63342/php-mvc/www.php?_ijt=6td63dhlj0se2cm5s2nvfof2ej	
[2016-11-09 18:17:45] Response json (22ms)	
[2016-11-09 18:18:04] http://localhost:63342/php-mvc/www.php?_ijt=6td63dhlj0se2cm5s2nvfof2ej	
[2016-11-09 18:18:05] Response json (16ms)	
[2016-11-09 18:18:18] http://localhost:63342/php-mvc/www.php?_ijt=6td63dhlj0se2cm5s2nvfof2ej	
[2016-11-09 18:18:18] Response render 404 (3ms)	
[2016-11-09 18:18:30] http://localhost:63342/php-mvc/www.php?_ijt=6td63dhlj0se2cm5s2nvfof2ej	
[2016-11-09 18:18:30] Response json (13ms)	
[2016-11-09 18:18:43] http://localhost:63342/php-mvc/www.php?_ijt=6td63dhlj0se2cm5s2nvfof2ej	
[2016-11-09 18:18:43] Response render 404 (3ms)	
[2016-11-09 18:18:49] http://localhost:63342/php-mvc/www.php?_ijt=6td63dhlj0se2cm5s2nvfof2ej&router=mysql	
[2016-11-09 18:18:49] Response render 404 (13ms)	
[2016-11-09 18:19:05] http://localhost:63342/php-mvc/www.php?_ijt=6td63dhlj0se2cm5s2nvfof2ej&router=mysql	
[2016-11-09 18:19:05] Response render 404 (5ms)	
[2016-11-09 18:20:32] http://localhost:63342/php-mvc/www.php?_ijt=6td63dhlj0se2cm5s2nvfof2ej&router=mysql	
[2016-11-09 18:20:32] Response render 404 (5ms)	
[2016-11-09 18:20:48] http://localhost:63342/php-mvc/www.php?_ijt=6td63dhlj0se2cm5s2nvfof2ej&router=mysql	
[2016-11-09 18:20:48] Response render 404 (7ms)	
[2016-11-09 18:22:11] http://localhost:63342/php-mvc/www.php?_ijt=6td63dhlj0se2cm5s2nvfof2ej&router=mysql	
[2016-11-09 18:22:11] Response json (16ms)	
[2016-11-09 18:23:03] http://localhost:63342/php-mvc/www.php?_ijt=6td63dhlj0se2cm5s2nvfof2ej&router=mysql	
[2016-11-09 18:23:03] Response json (3ms)	
[2016-11-09 18:23:26] http://localhost:63342/php-mvc/www.php?_ijt=6td63dhlj0se2cm5s2nvfof2ej&router=mysql	
[2016-11-09 18:23:26] Response json (13ms)	
[2016-11-09 18:24:58] http://localhost:63342/php-mvc/www.php?_ijt=6td63dhlj0se2cm5s2nvfof2ej&router=mysql	
[2016-11-09 18:24:58] Response json (16ms)	
[2016-11-09 18:25:07] http://localhost:63342/php-mvc/www.php?_ijt=6td63dhlj0se2cm5s2nvfof2ej&router=user	
[2016-11-09 18:25:07] Response render 404 (13ms)	
[2016-11-09 18:31:26] http://localhost:63342/php-mvc/www.php?_ijt=6td63dhlj0se2cm5s2nvfof2ej&router=user	
[2016-11-09 18:31:26] Response json (21ms)	
[2016-11-09 18:31:43] http://localhost:63342/php-mvc/www.php?_ijt=6td63dhlj0se2cm5s2nvfof2ej&router=user	
[2016-11-09 18:31:43] Response json (13ms)	
[2016-11-09 18:31:50] http://localhost:63342/php-mvc/www.php?_ijt=6td63dhlj0se2cm5s2nvfof2ej&router=/mysql	
[2016-11-09 18:31:50] Response json (13ms)	
[2016-11-09 18:31:57] http://localhost:63342/php-mvc/www.php?_ijt=6td63dhlj0se2cm5s2nvfof2ej&router=/mysql/	
[2016-11-09 18:31:57] Response json (6ms)	
[2016-11-09 18:32:04] http://localhost:63342/php-mvc/www.php?_ijt=6td63dhlj0se2cm5s2nvfof2ej&router=/cookie/	
[2016-11-09 18:32:04] Response json (13ms)	
[2016-11-09 18:32:08] http://localhost:63342/php-mvc/www.php?_ijt=6td63dhlj0se2cm5s2nvfof2ej&router=/cookie/	
[2016-11-09 18:32:08] Response json (5ms)	
[2016-11-09 18:32:15] http://localhost:63342/php-mvc/www.php?_ijt=6td63dhlj0se2cm5s2nvfof2ej&router=/cookie	
[2016-11-09 18:32:15] Response json (5ms)	
[2016-11-09 18:32:19] http://localhost:63342/php-mvc/www.php?_ijt=6td63dhlj0se2cm5s2nvfof2ej&router=/http	
[2016-11-09 18:32:19] Response send (232ms)	
[2016-11-09 18:32:27] http://localhost:63342/php-mvc/www.php?_ijt=6td63dhlj0se2cm5s2nvfof2ej&router=/http/send	
[2016-11-09 18:32:27] Response send (147ms)	
[2016-11-09 18:32:36] http://localhost:63342/php-mvc/www.php?_ijt=6td63dhlj0se2cm5s2nvfof2ej&router=/http/send	
[2016-11-09 18:32:36] Response send (170ms)	
[2016-11-09 18:34:25] http://localhost:63342/php-mvc/www.php?_ijt=6td63dhlj0se2cm5s2nvfof2ej&router=/http/send	
[2016-11-09 18:34:25] Response send (691ms)	
[2016-11-09 18:34:38] http://localhost:63342/php-mvc/www.php?_ijt=6td63dhlj0se2cm5s2nvfof2ej&router=/http/send	
[2016-11-09 18:34:39] Response send (204ms)	
[2016-11-09 18:34:39] Response send (204ms)	
[2016-11-09 18:34:46] http://localhost:63342/php-mvc/www.php?_ijt=6td63dhlj0se2cm5s2nvfof2ej&router=/http/send	
[2016-11-09 18:35:16] Response send (30010ms)	
[2016-11-09 18:35:16] Response send (30010ms)	
[2016-11-09 18:35:16] http://localhost:63342/php-mvc/www.php?_ijt=6td63dhlj0se2cm5s2nvfof2ej&router=/http/send	
[2016-11-09 18:35:16] Response send (457ms)	
[2016-11-09 18:35:16] http://localhost:63342/php-mvc/www.php?_ijt=6td63dhlj0se2cm5s2nvfof2ej&router=/http/send	
[2016-11-09 18:35:16] Response send (164ms)	
[2016-11-09 18:35:22] http://localhost:63342/php-mvc/www.php?_ijt=4nd3fvofs7e86g885pe3vg1e8q	
[2016-11-09 18:35:22] Response json (6ms)	
[2016-11-09 18:35:31] http://localhost:63342/php-mvc/www.php?_ijt=4nd3fvofs7e86g885pe3vg1e8q&router=/http	
[2016-11-09 18:35:31] Response send (139ms)	
[2016-11-09 18:35:34] http://localhost:63342/php-mvc/www.php?_ijt=4nd3fvofs7e86g885pe3vg1e8q&router=/http/send	
[2016-11-09 18:35:35] Response send (142ms)	
[2016-11-09 18:35:44] http://localhost:63342/php-mvc/www.php?_ijt=4nd3fvofs7e86g885pe3vg1e8q&router=/http/send	
[2016-11-09 18:35:44] Response send (131ms)	
[2016-11-09 18:35:44] Response send (131ms)	
[2016-11-09 18:35:52] http://localhost:63342/php-mvc/www.php?_ijt=4nd3fvofs7e86g885pe3vg1e8q&router=/http	
[2016-11-09 18:35:52] Response send (160ms)	
[2016-11-09 18:35:52] Response json (160ms)	
[2016-11-09 18:36:15] http://localhost:63342/php-mvc/www.php?_ijt=4nd3fvofs7e86g885pe3vg1e8q&router=/location	
[2016-11-09 18:36:23] http://localhost:63342/php-mvc/www.php?_ijt=4nd3fvofs7e86g885pe3vg1e8q&router=/http	
[2016-11-09 18:36:53] Response send (30011ms)	
[2016-11-09 18:36:53] Response json (30011ms)	
[2016-11-09 18:36:53] http://localhost:63342/php-mvc/www.php?_ijt=4nd3fvofs7e86g885pe3vg1e8q&router=/http/send	
[2016-11-09 18:36:53] Response send (229ms)	
[2016-11-09 18:36:53] Response send (229ms)	
[2016-11-09 18:36:53] http://localhost:63342/php-mvc/www.php?_ijt=4nd3fvofs7e86g885pe3vg1e8q&router=/http	
[2016-11-09 18:36:53] Response send (140ms)	
[2016-11-09 18:36:53] Response json (140ms)	
[2016-11-09 18:36:53] http://localhost:63342/php-mvc/www.php?_ijt=4nd3fvofs7e86g885pe3vg1e8q&router=/http	
[2016-11-09 18:36:54] Response send (698ms)	
[2016-11-09 18:36:54] Response json (698ms)	
[2016-11-09 18:36:54] http://localhost:63342/php-mvc/www.php?_ijt=4nd3fvofs7e86g885pe3vg1e8q&router=/http	
[2016-11-09 18:36:54] Response send (299ms)	
[2016-11-09 18:36:54] Response json (299ms)	
[2016-11-09 18:36:54] http://localhost:63342/php-mvc/www.php?_ijt=4nd3fvofs7e86g885pe3vg1e8q&router=/http	
[2016-11-09 18:36:55] Response send (266ms)	
[2016-11-09 18:36:55] Response json (266ms)	
[2016-11-09 18:36:55] http://localhost:63342/php-mvc/www.php?_ijt=4nd3fvofs7e86g885pe3vg1e8q	
[2016-11-09 18:36:55] Response json (5ms)	
[2016-11-09 18:36:55] http://localhost:63342/php-mvc/www.php?_ijt=4nd3fvofs7e86g885pe3vg1e8q&router=/location	
[2016-11-09 18:36:55] http://localhost:63342/php-mvc/www.php?_ijt=4nd3fvofs7e86g885pe3vg1e8q&router=/location	
[2016-11-09 18:37:41] http://localhost:63342/php-mvc/www.php?_ijt=ose8f0llbmitbia7ditlhrs69i	
[2016-11-09 18:37:41] Response send (5ms)	
[2016-11-09 18:37:48] http://localhost:63342/php-mvc/www.php?_ijt=ose8f0llbmitbia7ditlhrs69i&router=session	
[2016-11-09 18:37:48] Response json (5ms)	
[2016-11-09 18:37:49] http://localhost:63342/php-mvc/www.php?_ijt=ose8f0llbmitbia7ditlhrs69i&router=session	
[2016-11-09 18:37:49] Response json (14ms)	
[2016-11-09 18:37:51] http://localhost:63342/php-mvc/www.php?_ijt=ose8f0llbmitbia7ditlhrs69i&router=session	
[2016-11-09 18:37:51] Response json (6ms)	
[2016-11-09 18:37:52] http://localhost:63342/php-mvc/www.php?_ijt=ose8f0llbmitbia7ditlhrs69i&router=session	
[2016-11-09 18:37:52] Response json (5ms)	
[2016-11-09 18:37:57] http://localhost:63342/php-mvc/www.php?_ijt=ose8f0llbmitbia7ditlhrs69i&router=session	
[2016-11-09 18:37:57] Response json (6ms)	
[2016-11-09 18:37:58] http://localhost:63342/php-mvc/www.php?_ijt=ose8f0llbmitbia7ditlhrs69i&router=session	
[2016-11-09 18:37:58] Response json (5ms)	
[2016-11-09 18:37:59] http://localhost:63342/php-mvc/www.php?_ijt=ose8f0llbmitbia7ditlhrs69i&router=session	
[2016-11-09 18:37:59] Response json (5ms)	
[2016-11-09 18:38:01] http://localhost:63342/php-mvc/www.php?_ijt=ose8f0llbmitbia7ditlhrs69i&router=session	
[2016-11-09 18:38:01] Response json (6ms)	
[2016-11-09 18:38:10] http://localhost:63342/php-mvc/www.php?_ijt=ose8f0llbmitbia7ditlhrs69i&router=session	
[2016-11-09 18:38:10] Response json (5ms)	
[2016-11-09 18:38:11] http://localhost:63342/php-mvc/www.php?_ijt=ose8f0llbmitbia7ditlhrs69i&router=session	
[2016-11-09 18:38:11] Response json (6ms)	
[2016-11-09 18:38:36] http://localhost:63342/php-mvc/www.php?_ijt=ose8f0llbmitbia7ditlhrs69i&router=session	
[2016-11-09 18:38:36] Response json (5ms)	
[2016-11-09 18:41:27] http://localhost:63342/php-mvc/www.php?_ijt=ose8f0llbmitbia7ditlhrs69i&router=session	
[2016-11-09 18:41:27] Response json (14ms)	
[2016-11-09 18:41:28] http://localhost:63342/php-mvc/www.php?_ijt=ose8f0llbmitbia7ditlhrs69i&router=session	
[2016-11-09 18:41:28] Response json (5ms)	
[2016-11-09 18:41:30] http://localhost:63342/php-mvc/www.php?_ijt=ose8f0llbmitbia7ditlhrs69i&router=session	
[2016-11-09 18:41:30] Response json (5ms)	
[2016-11-09 18:48:45] http://localhost:63342/php-mvc/www.php?_ijt=ose8f0llbmitbia7ditlhrs69i&router=session	
[2016-11-09 18:48:45] Response json (16ms)	
[2016-11-09 18:50:38] http://localhost:63342/php-mvc/www.php?_ijt=ose8f0llbmitbia7ditlhrs69i&router=session	
[2016-11-09 18:50:38] Response json (16ms)	
[2016-11-09 18:50:42] http://localhost:63342/php-mvc/www.php?_ijt=ose8f0llbmitbia7ditlhrs69i&router=send	
[2016-11-09 18:50:42] Response send (5ms)	
[2016-11-09 18:50:48] http://localhost:63342/php-mvc/www.php?_ijt=ose8f0llbmitbia7ditlhrs69i&router=send/a	
[2016-11-09 18:50:48] Response send (5ms)	
[2016-11-09 18:50:58] http://localhost:63342/php-mvc/www.php?_ijt=ose8f0llbmitbia7ditlhrs69i&router=send/a/b	
[2016-11-09 18:50:58] Response send (6ms)	
[2016-11-09 18:52:02] http://localhost:63342/php-mvc/www.php?_ijt=ose8f0llbmitbia7ditlhrs69i&router=send/a/b	
[2016-11-09 18:52:02] Response send (15ms)	
[2016-11-09 18:52:10] http://localhost:63342/php-mvc/www.php?_ijt=ose8f0llbmitbia7ditlhrs69i&router=send/a/b	
[2016-11-09 18:52:10] Response send (6ms)	
[2016-11-09 19:13:33] http://localhost:63342/php-mvc/www.php?_ijt=ose8f0llbmitbia7ditlhrs69i&router=send/a/b	
[2016-11-09 19:13:33] Response send (22ms)	
[2016-11-09 19:13:39] http://localhost:63342/php-mvc/www.php?_ijt=ose8f0llbmitbia7ditlhrs69i&router=send/a/b	
[2016-11-09 19:13:39] Response send (6ms)	
[2016-11-09 19:13:57] http://localhost:63342/php-mvc/www.php?_ijt=ose8f0llbmitbia7ditlhrs69i&router=send/a/b	
[2016-11-09 19:13:57] Response json (5ms)	
[2016-11-09 19:14:14] http://localhost:63342/php-mvc/www.php?_ijt=ose8f0llbmitbia7ditlhrs69i&router=send/a/b	
[2016-11-09 19:14:14] Response json (6ms)	
[2016-11-09 19:15:45] http://localhost:63342/php-mvc/www.php?_ijt=ose8f0llbmitbia7ditlhrs69i&router=send/a/b	
[2016-11-09 19:15:45] Response json (16ms)	
[2016-11-09 19:15:54] http://localhost:63342/php-mvc/www.php?_ijt=ose8f0llbmitbia7ditlhrs69i&router=send/a/b	
[2016-11-09 19:15:54] Response json (7ms)	
[2016-11-09 19:19:43] http://localhost:63342/php-mvc/www.php?_ijt=1c7577egt54elq8b3o1cfbb2ou	
[2016-11-09 19:19:43] Response send (16ms)	
